<?xml version="1.0" encoding="UTF-8"?>
<!-- Generated by org.testng.reporters.JUnitReportReporter -->
<testsuite hostname="LAPTOP-QA19AGLF" failures="0" tests="5" name="testNG.TestNG_3_Skip_Ignore_Disable_TestScript" time="20.738" errors="0" timestamp="2024-02-22T15:58:26 IST" skipped="1">
  <testcase classname="testNG.TestNG_3_Skip_Ignore_Disable_TestScript" name="google" time="3.525"/>
  <system-out/>
  <testcase classname="testNG.TestNG_3_Skip_Ignore_Disable_TestScript" name="sleniumdev" time="3.085"/>
  <system-out/>
  <testcase classname="testNG.TestNG_3_Skip_Ignore_Disable_TestScript" name="techlearn" time="12.900"/>
  <system-out/>
  <testcase classname="testNG.TestNG_3_Skip_Ignore_Disable_TestScript" name="facebook" time="1.228"/>
  <system-out/>
  <testcase classname="testNG.TestNG_3_Skip_Ignore_Disable_TestScript" name="twitter">
    <skipped/>
  </testcase> <!-- twitter -->
  <system-out/>
</testsuite> <!-- testNG.TestNG_3_Skip_Ignore_Disable_TestScript -->
