<?xml version="1.0" encoding="UTF-8"?>
<!-- Generated by org.testng.reporters.JUnitReportReporter -->
<testsuite hostname="LAPTOP-QA19AGLF" failures="0" tests="2" name="testNG.TestNG_4_Timeout_Feature_Java" time="12.195" errors="0" timestamp="2024-02-22T17:06:46 IST" skipped="1">
  <testcase classname="testNG.TestNG_4_Timeout_Feature_Java" name="googlefacebook" time="12.195"/>
  <system-out/>
  <testcase classname="testNG.TestNG_4_Timeout_Feature_Java" name="googleSelenium">
    <skipped/>
  </testcase> <!-- googleSelenium -->
  <system-out/>
</testsuite> <!-- testNG.TestNG_4_Timeout_Feature_Java -->
