<?xml version="1.0" encoding="UTF-8"?>
<!-- Generated by org.testng.reporters.JUnitReportReporter -->
<testsuite hostname="LAPTOP-QA19AGLF" failures="0" tests="1" name="lertboxokcanceltextsendok.AlertBoxOKCancelTextSendOK" time="12.445" errors="0" timestamp="2024-02-27T18:36:33 IST" skipped="0">
  <testcase classname="lertboxokcanceltextsendok.AlertBoxOKCancelTextSendOK" name="alertsendtextOkbutton" time="12.445"/>
  <system-out/>
</testsuite> <!-- lertboxokcanceltextsendok.AlertBoxOKCancelTextSendOK -->
