<?xml version="1.0" encoding="UTF-8"?>
<!-- Generated by org.testng.reporters.JUnitReportReporter -->
<testsuite hostname="LAPTOP-QA19AGLF" failures="0" tests="5" name="testNG.TestNG_1_Alphabetical_Order_Test" time="21.582" errors="0" timestamp="2024-02-23T19:06:11 IST" skipped="0">
  <testcase classname="testNG.TestNG_1_Alphabetical_Order_Test" name="techlearn" time="6.753"/>
  <system-out/>
  <testcase classname="testNG.TestNG_1_Alphabetical_Order_Test" name="facebook" time="1.304"/>
  <system-out/>
  <testcase classname="testNG.TestNG_1_Alphabetical_Order_Test" name="google" time="3.762"/>
  <system-out/>
  <testcase classname="testNG.TestNG_1_Alphabetical_Order_Test" name="sleniumdev" time="4.251"/>
  <system-out/>
  <testcase classname="testNG.TestNG_1_Alphabetical_Order_Test" name="twitter" time="5.512"/>
  <system-out/>
</testsuite> <!-- testNG.TestNG_1_Alphabetical_Order_Test -->
