<?xml version="1.0" encoding="UTF-8"?>
<!-- Generated by org.testng.reporters.JUnitReportReporter -->
<testsuite hostname="LAPTOP-QA19AGLF" failures="0" tests="1" name="log4jtutorial.Log4jdemo" time="5.398" errors="0" timestamp="2024-03-05T10:15:54 IST" skipped="0">
  <testcase classname="log4jtutorial.Log4jdemo" name="googlesearch" time="5.398"/>
  <system-out/>
</testsuite> <!-- log4jtutorial.Log4jdemo -->
