<?xml version="1.0" encoding="UTF-8"?>
<!-- Generated by org.testng.reporters.JUnitReportReporter -->
<testsuite hostname="LAPTOP-QA19AGLF" failures="0" tests="2" name="testNG.TestNG_5_Depends_on_Methods" time="3.782" errors="0" timestamp="2024-02-23T12:50:51 IST" skipped="0">
  <testcase classname="testNG.TestNG_5_Depends_on_Methods" name="method2" time="1.311"/>
  <system-out/>
  <testcase classname="testNG.TestNG_5_Depends_on_Methods" name="method1" time="2.471"/>
  <system-out/>
</testsuite> <!-- testNG.TestNG_5_Depends_on_Methods -->
