<?xml version="1.0" encoding="UTF-8"?>
<!-- Generated by org.testng.reporters.JUnitReportReporter -->
<testsuite hostname="LAPTOP-QA19AGLF" failures="0" tests="1" name="actionsclassprograms.RightDoubleDragMouseKey" time="8.543" errors="0" timestamp="2024-03-25T17:50:36 IST" skipped="0">
  <testcase classname="actionsclassprograms.RightDoubleDragMouseKey" name="rightclick" time="8.543"/>
  <system-out/>
</testsuite> <!-- actionsclassprograms.RightDoubleDragMouseKey -->
