<?xml version="1.0" encoding="UTF-8"?>
<!-- Generated by org.testng.reporters.JUnitReportReporter -->
<testsuite hostname="LAPTOP-QA19AGLF" failures="0" tests="4" name="verifytabtitleurltext.VerifyTabUrlText" time="3.868" errors="0" timestamp="2024-03-07T16:54:15 IST" skipped="0">
  <testcase classname="verifytabtitleurltext.VerifyTabUrlText" name="verifyapplicationText" time="0.744"/>
  <system-out/>
  <testcase classname="verifytabtitleurltext.VerifyTabUrlText" name="verifyapplicationtext" time="0.630"/>
  <system-out/>
  <testcase classname="verifytabtitleurltext.VerifyTabUrlText" name="verifyapplicationURL" time="0.866"/>
  <system-out/>
  <testcase classname="verifytabtitleurltext.VerifyTabUrlText" name="tabtile" time="1.628"/>
  <system-out/>
</testsuite> <!-- verifytabtitleurltext.VerifyTabUrlText -->
