<?xml version="1.0" encoding="UTF-8"?>
<!-- Generated by org.testng.reporters.JUnitReportReporter -->
<testsuite hostname="LAPTOP-QA19AGLF" failures="0" tests="2" name="testNG.TestNG_7_GroupsTesting" time="8.514" errors="0" timestamp="2024-02-26T16:42:56 IST" skipped="0">
  <testcase classname="testNG.TestNG_7_GroupsTesting" name="swiggy" time="3.378"/>
  <system-out/>
  <testcase classname="testNG.TestNG_7_GroupsTesting" name="zomato" time="5.136"/>
  <system-out/>
</testsuite> <!-- testNG.TestNG_7_GroupsTesting -->
