<?xml version="1.0" encoding="UTF-8"?>
<!-- Generated by org.testng.reporters.JUnitReportReporter -->
<testsuite hostname="LAPTOP-QA19AGLF" failures="0" tests="1" name="dropdownvaluesselecttesting.DropdownValuesSelect" time="26.866" errors="0" timestamp="2024-02-28T08:52:29 IST" skipped="0">
  <testcase classname="dropdownvaluesselecttesting.DropdownValuesSelect" name="selectdropdownoptionsgoogle" time="26.866"/>
  <system-out/>
</testsuite> <!-- dropdownvaluesselecttesting.DropdownValuesSelect -->
