<?xml version="1.0" encoding="UTF-8"?>
<!-- Generated by org.testng.reporters.JUnitReportReporter -->
<testsuite hostname="LAPTOP-QA19AGLF" failures="0" tests="1" name="scrollupanddown.ScrollDownandUp" time="0.976" errors="0" timestamp="2024-03-04T09:02:00 IST" skipped="0">
  <testcase classname="scrollupanddown.ScrollDownandUp" name="IndentifyLoacatorElement" time="0.976"/>
  <system-out/>
</testsuite> <!-- scrollupanddown.ScrollDownandUp -->
