<?xml version="1.0" encoding="UTF-8"?>
<!-- Generated by org.testng.reporters.JUnitReportReporter -->
<testsuite hostname="LAPTOP-QA19AGLF" failures="0" tests="5" name="testNG.TestNG_2_Alphabetical_Order_Test3" time="24.032" errors="0" timestamp="2024-02-21T19:37:55 IST" skipped="0">
  <testcase classname="testNG.TestNG_2_Alphabetical_Order_Test3" name="twitter" time="4.218"/>
  <system-out/>
  <testcase classname="testNG.TestNG_2_Alphabetical_Order_Test3" name="google" time="3.609"/>
  <system-out/>
  <testcase classname="testNG.TestNG_2_Alphabetical_Order_Test3" name="sleniumdev" time="3.307"/>
  <system-out/>
  <testcase classname="testNG.TestNG_2_Alphabetical_Order_Test3" name="techlearn" time="11.730"/>
  <system-out/>
  <testcase classname="testNG.TestNG_2_Alphabetical_Order_Test3" name="facebook" time="1.168"/>
  <system-out/>
</testsuite> <!-- testNG.TestNG_2_Alphabetical_Order_Test3 -->
